TN:
SF:D:\supermary\environment\dockerenv\src\frontend\frontendforh5\babel.config.js
FNF:0
FNH:0
DA:3,0
LF:1
LH:0
BRF:0
BRH:0
end_of_record
TN:
SF:D:\supermary\environment\dockerenv\src\frontend\frontendforh5\vue.config.js
FNF:0
FNH:0
DA:1,0
LF:1
LH:0
BRF:0
BRH:0
end_of_record
TN:
SF:D:\supermary\environment\dockerenv\src\frontend\frontendforh5\coverage\lcov-report\block-navigation.js
FN:2,init
FN:24,toggleClass
FN:31,makeCurrent
FN:41,goToPrevious
FN:52,goToNext
FN:65,jump
FNF:6
FNH:0
FNDA:0,init
FNDA:0,toggleClass
FNDA:0,makeCurrent
FNDA:0,goToPrevious
FNDA:0,goToNext
FNDA:0,jump
DA:2,0
DA:4,0
DA:7,0
DA:10,0
DA:14,0
DA:20,0
DA:25,0
DA:28,0
DA:32,0
DA:33,0
DA:34,0
DA:42,0
DA:43,0
DA:44,0
DA:45,0
DA:46,0
DA:49,0
DA:53,0
DA:55,0
DA:59,0
DA:62,0
DA:65,0
DA:66,0
DA:69,0
DA:70,0
DA:74,0
DA:75,0
DA:79,0
LF:28
LH:0
BRDA:43,0,0,0
BRDA:43,0,1,0
BRDA:43,1,0,0
BRDA:43,1,1,0
BRDA:45,2,0,0
BRDA:45,2,1,0
BRDA:55,3,0,0
BRDA:55,3,1,0
BRDA:56,4,0,0
BRDA:56,4,1,0
BRDA:66,5,0,0
BRDA:66,5,1,0
BRDA:66,5,2,0
BRDA:66,5,3,0
BRDA:66,5,4,0
BRF:15
BRH:0
end_of_record
TN:
SF:D:\supermary\environment\dockerenv\src\frontend\frontendforh5\coverage\lcov-report\prettify.js
FN:2,(anonymous_0)
FN:2,k
FN:2,ab
FN:2,T
FN:2,X
FN:2,(anonymous_5)
FN:2,W
FN:2,(anonymous_7)
FN:2,a
FN:2,aa
FN:2,B
FN:2,o
FN:2,g
FN:2,(anonymous_13)
FN:2,(anonymous_14)
FN:2,i
FN:2,Q
FN:2,ae
FN:2,ad
FN:2,ai
FN:2,D
FN:2,c
FN:2,q
FN:2,d
FN:2,y
FN:2,b
FN:2,Y
FN:2,(anonymous_27)
FN:2,U
FNF:29
FNH:0
FNDA:0,(anonymous_0)
FNDA:0,k
FNDA:0,ab
FNDA:0,T
FNDA:0,X
FNDA:0,(anonymous_5)
FNDA:0,W
FNDA:0,(anonymous_7)
FNDA:0,a
FNDA:0,aa
FNDA:0,B
FNDA:0,o
FNDA:0,g
FNDA:0,(anonymous_13)
FNDA:0,(anonymous_14)
FNDA:0,i
FNDA:0,Q
FNDA:0,ae
FNDA:0,ad
FNDA:0,ai
FNDA:0,D
FNDA:0,c
FNDA:0,q
FNDA:0,d
FNDA:0,y
FNDA:0,b
FNDA:0,Y
FNDA:0,(anonymous_27)
FNDA:0,U
DA:2,0
LF:1
LH:0
BRDA:2,0,0,0
BRDA:2,0,1,0
BRDA:2,1,0,0
BRDA:2,1,1,0
BRDA:2,2,0,0
BRDA:2,2,1,0
BRDA:2,3,0,0
BRDA:2,3,1,0
BRDA:2,4,0,0
BRDA:2,4,1,0
BRDA:2,5,0,0
BRDA:2,5,1,0
BRDA:2,6,0,0
BRDA:2,6,1,0
BRDA:2,7,0,0
BRDA:2,7,1,0
BRDA:2,8,0,0
BRDA:2,8,1,0
BRDA:2,9,0,0
BRDA:2,9,1,0
BRDA:2,10,0,0
BRDA:2,10,1,0
BRDA:2,11,0,0
BRDA:2,11,1,0
BRDA:2,11,2,0
BRDA:2,11,3,0
BRDA:2,12,0,0
BRDA:2,12,1,0
BRDA:2,13,0,0
BRDA:2,13,1,0
BRDA:2,14,0,0
BRDA:2,14,1,0
BRDA:2,15,0,0
BRDA:2,15,1,0
BRDA:2,16,0,0
BRDA:2,16,1,0
BRDA:2,17,0,0
BRDA:2,17,1,0
BRDA:2,18,0,0
BRDA:2,18,1,0
BRDA:2,19,0,0
BRDA:2,19,1,0
BRDA:2,20,0,0
BRDA:2,20,1,0
BRDA:2,21,0,0
BRDA:2,21,1,0
BRDA:2,22,0,0
BRDA:2,22,1,0
BRDA:2,23,0,0
BRDA:2,23,1,0
BRDA:2,24,0,0
BRDA:2,24,1,0
BRDA:2,25,0,0
BRDA:2,25,1,0
BRDA:2,26,0,0
BRDA:2,26,1,0
BRDA:2,27,0,0
BRDA:2,27,1,0
BRDA:2,28,0,0
BRDA:2,28,1,0
BRDA:2,29,0,0
BRDA:2,29,1,0
BRDA:2,30,0,0
BRDA:2,30,1,0
BRDA:2,31,0,0
BRDA:2,31,1,0
BRDA:2,32,0,0
BRDA:2,32,1,0
BRDA:2,33,0,0
BRDA:2,33,1,0
BRDA:2,34,0,0
BRDA:2,34,1,0
BRDA:2,35,0,0
BRDA:2,35,1,0
BRDA:2,36,0,0
BRDA:2,36,1,0
BRDA:2,37,0,0
BRDA:2,37,1,0
BRDA:2,38,0,0
BRDA:2,38,1,0
BRDA:2,39,0,0
BRDA:2,39,1,0
BRDA:2,40,0,0
BRDA:2,40,1,0
BRDA:2,41,0,0
BRDA:2,41,1,0
BRDA:2,42,0,0
BRDA:2,42,1,0
BRDA:2,43,0,0
BRDA:2,43,1,0
BRDA:2,44,0,0
BRDA:2,44,1,0
BRDA:2,45,0,0
BRDA:2,45,1,0
BRDA:2,46,0,0
BRDA:2,46,1,0
BRDA:2,47,0,0
BRDA:2,47,1,0
BRDA:2,48,0,0
BRDA:2,48,1,0
BRDA:2,49,0,0
BRDA:2,49,1,0
BRDA:2,50,0,0
BRDA:2,50,1,0
BRDA:2,50,2,0
BRDA:2,51,0,0
BRDA:2,51,1,0
BRDA:2,52,0,0
BRDA:2,52,1,0
BRDA:2,53,0,0
BRDA:2,53,1,0
BRDA:2,54,0,0
BRDA:2,54,1,0
BRDA:2,55,0,0
BRDA:2,55,1,0
BRDA:2,56,0,0
BRDA:2,56,1,0
BRDA:2,57,0,0
BRDA:2,57,1,0
BRDA:2,58,0,0
BRDA:2,58,1,0
BRDA:2,59,0,0
BRDA:2,59,1,0
BRDA:2,60,0,0
BRDA:2,60,1,0
BRDA:2,61,0,0
BRDA:2,61,1,0
BRDA:2,62,0,0
BRDA:2,62,1,0
BRDA:2,63,0,0
BRDA:2,63,1,0
BRDA:2,64,0,0
BRDA:2,64,1,0
BRDA:2,65,0,0
BRDA:2,65,1,0
BRDA:2,66,0,0
BRDA:2,66,1,0
BRDA:2,67,0,0
BRDA:2,67,1,0
BRDA:2,68,0,0
BRDA:2,68,1,0
BRDA:2,69,0,0
BRDA:2,69,1,0
BRDA:2,70,0,0
BRDA:2,70,1,0
BRDA:2,71,0,0
BRDA:2,71,1,0
BRDA:2,72,0,0
BRDA:2,72,1,0
BRDA:2,73,0,0
BRDA:2,73,1,0
BRDA:2,74,0,0
BRDA:2,74,1,0
BRDA:2,75,0,0
BRDA:2,75,1,0
BRDA:2,76,0,0
BRDA:2,76,1,0
BRDA:2,77,0,0
BRDA:2,77,1,0
BRDA:2,78,0,0
BRDA:2,78,1,0
BRDA:2,79,0,0
BRDA:2,79,1,0
BRDA:2,80,0,0
BRDA:2,80,1,0
BRDA:2,81,0,0
BRDA:2,81,1,0
BRDA:2,82,0,0
BRDA:2,82,1,0
BRDA:2,83,0,0
BRDA:2,83,1,0
BRDA:2,84,0,0
BRDA:2,84,1,0
BRDA:2,85,0,0
BRDA:2,85,1,0
BRDA:2,86,0,0
BRDA:2,86,1,0
BRDA:2,87,0,0
BRDA:2,87,1,0
BRDA:2,88,0,0
BRDA:2,88,1,0
BRDA:2,89,0,0
BRDA:2,89,1,0
BRDA:2,89,2,0
BRDA:2,90,0,0
BRDA:2,90,1,0
BRDA:2,91,0,0
BRDA:2,91,1,0
BRDA:2,92,0,0
BRDA:2,92,1,0
BRDA:2,93,0,0
BRDA:2,93,1,0
BRDA:2,94,0,0
BRDA:2,94,1,0
BRDA:2,95,0,0
BRDA:2,95,1,0
BRDA:2,96,0,0
BRDA:2,96,1,0
BRDA:2,97,0,0
BRDA:2,97,1,0
BRDA:2,98,0,0
BRDA:2,98,1,0
BRDA:2,99,0,0
BRDA:2,99,1,0
BRDA:2,100,0,0
BRDA:2,100,1,0
BRDA:2,101,0,0
BRDA:2,101,1,0
BRDA:2,102,0,0
BRDA:2,102,1,0
BRDA:2,103,0,0
BRDA:2,103,1,0
BRDA:2,104,0,0
BRDA:2,104,1,0
BRDA:2,105,0,0
BRDA:2,105,1,0
BRDA:2,106,0,0
BRDA:2,106,1,0
BRDA:2,107,0,0
BRDA:2,107,1,0
BRDA:2,108,0,0
BRDA:2,108,1,0
BRDA:2,109,0,0
BRDA:2,109,1,0
BRDA:2,110,0,0
BRDA:2,110,1,0
BRDA:2,111,0,0
BRDA:2,111,1,0
BRDA:2,112,0,0
BRDA:2,112,1,0
BRDA:2,113,0,0
BRDA:2,113,1,0
BRDA:2,114,0,0
BRDA:2,114,1,0
BRDA:2,115,0,0
BRDA:2,115,1,0
BRDA:2,116,0,0
BRDA:2,116,1,0
BRDA:2,117,0,0
BRDA:2,117,1,0
BRDA:2,118,0,0
BRDA:2,118,1,0
BRDA:2,119,0,0
BRDA:2,119,1,0
BRDA:2,120,0,0
BRDA:2,120,1,0
BRDA:2,121,0,0
BRDA:2,121,1,0
BRDA:2,122,0,0
BRDA:2,122,1,0
BRDA:2,123,0,0
BRDA:2,123,1,0
BRDA:2,124,0,0
BRDA:2,124,1,0
BRDA:2,125,0,0
BRDA:2,125,1,0
BRDA:2,126,0,0
BRDA:2,126,1,0
BRDA:2,127,0,0
BRDA:2,127,1,0
BRDA:2,128,0,0
BRDA:2,128,1,0
BRDA:2,128,2,0
BRDA:2,129,0,0
BRDA:2,129,1,0
BRDA:2,130,0,0
BRDA:2,130,1,0
BRDA:2,131,0,0
BRDA:2,131,1,0
BRDA:2,131,2,0
BRDA:2,131,3,0
BRDA:2,131,4,0
BRDA:2,132,0,0
BRDA:2,132,1,0
BRDA:2,133,0,0
BRDA:2,133,1,0
BRDA:2,134,0,0
BRDA:2,134,1,0
BRDA:2,135,0,0
BRDA:2,135,1,0
BRDA:2,136,0,0
BRDA:2,136,1,0
BRDA:2,137,0,0
BRDA:2,137,1,0
BRDA:2,138,0,0
BRDA:2,138,1,0
BRF:286
BRH:0
end_of_record
TN:
SF:D:\supermary\environment\dockerenv\src\frontend\frontendforh5\coverage\lcov-report\sorter.js
FN:2,(anonymous_0)
FN:11,getTable
FN:15,getTableHeader
FN:19,getTableBody
FN:23,getNthColumn
FN:28,loadColumns
FN:53,loadRowData
FN:72,loadData
FN:81,sortByIndex
FN:83,(anonymous_9)
FN:95,(anonymous_10)
FN:112,removeSortIndicators
FN:120,addSortIndicators
FN:126,enableUI
FN:129,ithSorter
FN:132,(anonymous_15)
FN:159,(anonymous_16)
FNF:17
FNH:0
FNDA:0,(anonymous_0)
FNDA:0,getTable
FNDA:0,getTableHeader
FNDA:0,getTableBody
FNDA:0,getNthColumn
FNDA:0,loadColumns
FNDA:0,loadRowData
FNDA:0,loadData
FNDA:0,sortByIndex
FNDA:0,(anonymous_9)
FNDA:0,(anonymous_10)
FNDA:0,removeSortIndicators
FNDA:0,addSortIndicators
FNDA:0,enableUI
FNDA:0,ithSorter
FNDA:0,(anonymous_15)
FNDA:0,(anonymous_16)
DA:2,0
DA:5,0
DA:12,0
DA:16,0
DA:20,0
DA:24,0
DA:29,0
DA:31,0
DA:35,0
DA:36,0
DA:37,0
DA:42,0
DA:43,0
DA:44,0
DA:45,0
DA:49,0
DA:54,0
DA:57,0
DA:60,0
DA:61,0
DA:62,0
DA:63,0
DA:64,0
DA:65,0
DA:67,0
DA:69,0
DA:73,0
DA:76,0
DA:77,0
DA:82,0
DA:83,0
DA:84,0
DA:85,0
DA:86,0
DA:88,0
DA:89,0
DA:90,0
DA:91,0
DA:94,0
DA:95,0
DA:96,0
DA:100,0
DA:101,0
DA:102,0
DA:105,0
DA:107,0
DA:108,0
DA:113,0
DA:114,0
DA:116,0
DA:117,0
DA:121,0
DA:129,0
DA:130,0
DA:132,0
DA:133,0
DA:135,0
DA:136,0
DA:138,0
DA:139,0
DA:140,0
DA:141,0
DA:142,0
DA:145,0
DA:146,0
DA:149,0
DA:150,0
DA:151,0
DA:153,0
DA:159,0
DA:160,0
DA:161,0
DA:163,0
DA:164,0
DA:165,0
DA:166,0
DA:170,0
LF:77
LH:0
BRDA:40,0,0,0
BRDA:40,0,1,0
BRDA:43,1,0,0
BRDA:43,1,1,0
BRDA:64,2,0,0
BRDA:64,2,1,0
BRDA:86,3,0,0
BRDA:86,3,1,0
BRDA:86,4,0,0
BRDA:86,4,1,0
BRDA:94,5,0,0
BRDA:94,5,1,0
BRDA:121,6,0,0
BRDA:121,6,1,0
BRDA:135,7,0,0
BRDA:135,7,1,0
BRDA:146,8,0,0
BRDA:146,8,1,0
BRDA:150,9,0,0
BRDA:150,9,1,0
BRDA:160,10,0,0
BRDA:160,10,1,0
BRF:22
BRH:0
end_of_record
TN:
SF:D:\supermary\environment\dockerenv\src\frontend\frontendforh5\src\main.js
FN:16,(anonymous_0)
FNF:1
FNH:0
FNDA:0,(anonymous_0)
DA:9,0
DA:10,0
DA:12,0
DA:16,0
LF:4
LH:0
BRF:0
BRH:0
end_of_record
TN:
SF:D:\supermary\environment\dockerenv\src\frontend\frontendforh5\src\components\Activity.vue
FN:11,data
FN:33,created
FN:37,createActivity
FN:52,showActivity
FNF:4
FNH:0
FNDA:0,data
FNDA:0,created
FNDA:0,createActivity
FNDA:0,showActivity
DA:12,0
DA:34,0
DA:38,0
DA:39,0
DA:40,0
DA:41,0
DA:42,0
DA:43,0
DA:45,0
DA:46,0
DA:47,0
DA:48,0
DA:50,0
DA:53,0
DA:54,0
LF:15
LH:0
BRDA:38,0,0,0
BRDA:38,0,1,0
BRDA:40,1,0,0
BRDA:40,1,1,0
BRDA:42,2,0,0
BRDA:42,2,1,0
BRDA:45,3,0,0
BRDA:45,3,1,0
BRDA:47,4,0,0
BRDA:47,4,1,0
BRF:10
BRH:0
end_of_record
TN:
SF:D:\supermary\environment\dockerenv\src\frontend\frontendforh5\src\components\ActivityFillingForm.vue
FN:67,data
FN:83,format
FN:86,test
FN:89,goBack
FN:94,activity_create
FN:112,(anonymous_6)
FN:99,(anonymous_7)
FNF:7
FNH:1
FNDA:1,data
FNDA:0,format
FNDA:0,test
FNDA:0,goBack
FNDA:0,activity_create
FNDA:0,(anonymous_6)
FNDA:0,(anonymous_7)
DA:59,1
DA:60,1
DA:61,1
DA:62,1
DA:68,1
DA:84,0
DA:87,0
DA:90,0
DA:94,0
DA:95,0
DA:96,0
DA:99,0
DA:115,0
DA:119,0
DA:120,0
DA:121,0
DA:122,0
DA:126,0
LF:18
LH:5
BRDA:96,0,0,0
BRDA:96,0,1,0
BRDA:96,1,0,0
BRDA:96,1,1,0
BRDA:96,1,2,0
BRDA:96,1,3,0
BRDA:96,1,4,0
BRDA:96,1,5,0
BRDA:96,1,6,0
BRDA:119,2,0,0
BRDA:119,2,1,0
BRF:11
BRH:0
end_of_record
TN:
SF:D:\supermary\environment\dockerenv\src\frontend\frontendforh5\src\components\ActivityInfoForm.vue
FN:118,data
FN:159,goBack
FN:164,changePage
FN:171,readSpecificActivity
FN:179,(anonymous_5)
FN:173,(anonymous_6)
FN:208,created
FNF:7
FNH:4
FNDA:1,data
FNDA:0,goBack
FNDA:0,changePage
FNDA:1,readSpecificActivity
FNDA:1,(anonymous_5)
FNDA:0,(anonymous_6)
FNDA:1,created
DA:109,1
DA:110,1
DA:111,1
DA:112,1
DA:113,1
DA:119,1
DA:160,0
DA:165,0
DA:166,0
DA:168,0
DA:171,1
DA:172,1
DA:173,1
DA:182,1
DA:186,0
DA:187,0
DA:188,0
DA:189,0
DA:190,0
DA:191,0
DA:192,0
DA:193,0
DA:194,0
DA:195,0
DA:197,0
DA:199,0
DA:200,0
DA:201,0
DA:202,0
DA:203,0
DA:204,0
DA:209,1
DA:210,1
LF:33
LH:12
BRDA:165,0,0,0
BRDA:165,0,1,0
BRDA:192,1,0,0
BRDA:192,1,1,0
BRDA:194,2,0,0
BRDA:194,2,1,0
BRF:6
BRH:0
end_of_record
TN:
SF:D:\supermary\environment\dockerenv\src\frontend\frontendforh5\src\components\AddicantInformation.vue
FN:87,data
FN:95,goBack
FN:101,created
FNF:3
FNH:0
FNDA:0,data
FNDA:0,goBack
FNDA:0,created
DA:83,0
DA:84,0
DA:88,0
DA:96,0
DA:102,0
LF:5
LH:0
BRF:0
BRH:0
end_of_record
TN:
SF:D:\supermary\environment\dockerenv\src\frontend\frontendforh5\src\components\ClassForPioneerCamp.vue
FN:11,data
FNF:1
FNH:0
FNDA:0,data
DA:12,0
LF:1
LH:0
BRF:0
BRH:0
end_of_record
TN:
SF:D:\supermary\environment\dockerenv\src\frontend\frontendforh5\src\components\ClassManage.vue
FN:51,data
FN:62,created
FN:68,createClassManage
FN:75,(anonymous_4)
FN:69,(anonymous_5)
FN:90,toNewClass
FN:93,newClass
FN:102,(anonymous_8)
FN:95,(anonymous_9)
FN:120,deleteClass
FN:127,(anonymous_11)
FN:121,(anonymous_12)
FNF:12
FNH:0
FNDA:0,data
FNDA:0,created
FNDA:0,createClassManage
FNDA:0,(anonymous_4)
FNDA:0,(anonymous_5)
FNDA:0,toNewClass
FNDA:0,newClass
FNDA:0,(anonymous_8)
FNDA:0,(anonymous_9)
FNDA:0,deleteClass
FNDA:0,(anonymous_11)
FNDA:0,(anonymous_12)
DA:52,0
DA:63,0
DA:64,0
DA:65,0
DA:68,0
DA:69,0
DA:77,0
DA:81,0
DA:82,0
DA:83,0
DA:84,0
DA:85,0
DA:86,0
DA:91,0
DA:93,0
DA:94,0
DA:95,0
DA:104,0
DA:108,0
DA:109,0
DA:110,0
DA:114,0
DA:115,0
DA:116,0
DA:117,0
DA:120,0
DA:121,0
DA:129,0
DA:133,0
DA:134,0
DA:135,0
LF:31
LH:0
BRDA:94,0,0,0
BRDA:94,0,1,0
BRDA:94,1,0,0
BRDA:94,1,1,0
BRDA:108,2,0,0
BRDA:108,2,1,0
BRDA:133,3,0,0
BRDA:133,3,1,0
BRF:8
BRH:0
end_of_record
TN:
SF:D:\supermary\environment\dockerenv\src\frontend\frontendforh5\src\components\CourseInfoForm.vue
FN:220,goBack
FN:225,changePage
FN:233,handleRemove
FN:236,handlePreview
FN:239,handleExceed
FN:247,beforeRemove
FN:251,data
FN:341,created
FNF:8
FNH:2
FNDA:0,goBack
FNDA:0,changePage
FNDA:0,handleRemove
FNDA:0,handlePreview
FNDA:0,handleExceed
FNDA:0,beforeRemove
FNDA:1,data
FNDA:1,created
DA:214,1
DA:215,1
DA:216,1
DA:221,0
DA:226,0
DA:227,0
DA:229,0
DA:240,0
DA:248,0
DA:252,1
DA:342,1
LF:11
LH:5
BRDA:226,0,0,0
BRDA:226,0,1,0
BRF:2
BRH:0
end_of_record
TN:
SF:D:\supermary\environment\dockerenv\src\frontend\frontendforh5\src\components\CreateNewCamp.vue
FN:105,data
FN:120,campTime
FN:125,created
FN:131,test
FN:150,(anonymous_5)
FN:139,(anonymous_6)
FN:167,createPioneerCampForm
FN:176,reset
FN:179,goBack
FNF:9
FNH:3
FNDA:1,data
FNDA:0,campTime
FNDA:1,created
FNDA:0,test
FNDA:0,(anonymous_5)
FNDA:0,(anonymous_6)
FNDA:1,createPioneerCampForm
FNDA:0,reset
FNDA:0,goBack
DA:99,1
DA:100,1
DA:101,1
DA:102,1
DA:106,1
DA:121,0
DA:122,0
DA:126,1
DA:127,1
DA:128,1
DA:131,0
DA:132,0
DA:139,0
DA:153,0
DA:157,0
DA:158,0
DA:159,0
DA:163,0
DA:168,1
DA:169,1
DA:170,1
DA:171,1
DA:172,1
DA:173,1
DA:174,1
DA:177,0
DA:180,0
LF:27
LH:15
BRDA:132,0,0,0
BRDA:132,0,1,0
BRDA:132,1,0,0
BRDA:132,1,1,0
BRDA:132,1,2,0
BRDA:132,1,3,0
BRDA:132,1,4,0
BRDA:132,1,5,0
BRDA:157,2,0,0
BRDA:157,2,1,0
BRF:10
BRH:0
end_of_record
TN:
SF:D:\supermary\environment\dockerenv\src\frontend\frontendforh5\src\components\LessonLabel.vue
FN:11,data
FN:18,showCourse
FNF:2
FNH:0
FNDA:0,data
FNDA:0,showCourse
DA:12,0
DA:19,0
DA:20,0
LF:3
LH:0
BRF:0
BRH:0
end_of_record
TN:
SF:D:\supermary\environment\dockerenv\src\frontend\frontendforh5\src\components\NavBar.vue
FN:54,toRegistrationManagePage
FN:59,toClassManagePage
FN:64,toSchoolmatePage
FN:69,toActivityManagePage
FN:74,toSuperuserManagePage
FNF:5
FNH:0
FNDA:0,toRegistrationManagePage
FNDA:0,toClassManagePage
FNDA:0,toSchoolmatePage
FNDA:0,toActivityManagePage
FNDA:0,toSuperuserManagePage
DA:55,0
DA:60,0
DA:65,0
DA:70,0
DA:75,0
LF:5
LH:0
BRF:0
BRH:0
end_of_record
TN:
SF:D:\supermary\environment\dockerenv\src\frontend\frontendforh5\src\components\PioneerCamp.vue
FN:11,data
FN:28,showCampForm
FN:35,created
FNF:3
FNH:0
FNDA:0,data
FNDA:0,showCampForm
FNDA:0,created
DA:12,0
DA:29,0
DA:30,0
DA:36,0
DA:37,0
DA:38,0
DA:39,0
LF:7
LH:0
BRDA:36,0,0,0
BRDA:36,0,1,0
BRDA:38,1,0,0
BRDA:38,1,1,0
BRF:4
BRH:0
end_of_record
TN:
SF:D:\supermary\environment\dockerenv\src\frontend\frontendforh5\src\components\PioneerCampForm.vue
FN:123,data
FN:138,created
FN:142,campTime
FN:148,test
FN:168,(anonymous_5)
FN:156,(anonymous_6)
FN:183,createPioneerCampForm
FN:191,(anonymous_8)
FN:185,(anonymous_9)
FN:208,(anonymous_10)
FN:238,showApplicantList
FN:245,showClassManage
FN:248,closeClassManage
FN:251,reset
FN:254,goBack
FNF:15
FNH:4
FNDA:1,data
FNDA:1,created
FNDA:0,campTime
FNDA:0,test
FNDA:0,(anonymous_5)
FNDA:0,(anonymous_6)
FNDA:1,createPioneerCampForm
FNDA:1,(anonymous_8)
FNDA:0,(anonymous_9)
FNDA:0,(anonymous_10)
FNDA:0,showApplicantList
FNDA:0,showClassManage
FNDA:0,closeClassManage
FNDA:0,reset
FNDA:0,goBack
DA:116,1
DA:117,1
DA:118,1
DA:119,1
DA:120,1
DA:124,1
DA:139,1
DA:143,0
DA:144,0
DA:148,0
DA:149,0
DA:156,0
DA:170,0
DA:174,0
DA:175,0
DA:176,0
DA:180,0
DA:183,1
DA:184,1
DA:185,1
DA:193,1
DA:197,0
DA:198,0
DA:199,0
DA:200,0
DA:201,0
DA:202,0
DA:203,0
DA:204,0
DA:205,0
DA:206,0
DA:207,0
DA:208,0
DA:209,0
DA:218,0
DA:220,0
DA:221,0
DA:223,0
DA:225,0
DA:226,0
DA:227,0
DA:228,0
DA:229,0
DA:231,0
DA:233,0
DA:234,0
DA:235,0
DA:239,0
DA:240,0
DA:241,0
DA:246,0
DA:249,0
DA:252,0
DA:255,0
LF:54
LH:11
BRDA:149,0,0,0
BRDA:149,0,1,0
BRDA:149,1,0,0
BRDA:149,1,1,0
BRDA:149,1,2,0
BRDA:149,1,3,0
BRDA:149,1,4,0
BRDA:149,1,5,0
BRDA:174,2,0,0
BRDA:174,2,1,0
BRDA:218,3,0,0
BRDA:218,3,1,0
BRDA:221,4,0,0
BRDA:221,4,1,0
BRDA:228,5,0,0
BRDA:228,5,1,0
BRF:16
BRH:0
end_of_record
TN:
SF:D:\supermary\environment\dockerenv\src\frontend\frontendforh5\src\components\PioneerCampUserInformation.vue
FN:77,data
FN:87,created
FN:91,test
FN:94,enterInfoPage
FN:100,createUserInformation
FN:105,(anonymous_6)
FN:113,(anonymous_7)
FN:142,(anonymous_8)
FN:136,(anonymous_9)
FN:159,(anonymous_10)
FN:153,(anonymous_11)
FN:180,goBack
FNF:12
FNH:0
FNDA:0,data
FNDA:0,created
FNDA:0,test
FNDA:0,enterInfoPage
FNDA:0,createUserInformation
FNDA:0,(anonymous_6)
FNDA:0,(anonymous_7)
FNDA:0,(anonymous_8)
FNDA:0,(anonymous_9)
FNDA:0,(anonymous_10)
FNDA:0,(anonymous_11)
FNDA:0,goBack
DA:73,0
DA:74,0
DA:78,0
DA:88,0
DA:92,0
DA:95,0
DA:96,0
DA:100,0
DA:101,0
DA:102,0
DA:103,0
DA:104,0
DA:105,0
DA:106,0
DA:107,0
DA:108,0
DA:109,0
DA:113,0
DA:114,0
DA:115,0
DA:116,0
DA:117,0
DA:121,0
DA:122,0
DA:123,0
DA:124,0
DA:125,0
DA:126,0
DA:127,0
DA:128,0
DA:129,0
DA:130,0
DA:131,0
DA:132,0
DA:133,0
DA:136,0
DA:144,0
DA:148,0
DA:149,0
DA:150,0
DA:151,0
DA:153,0
DA:161,0
DA:165,0
DA:166,0
DA:167,0
DA:169,0
DA:170,0
DA:171,0
DA:172,0
DA:173,0
DA:174,0
DA:175,0
DA:176,0
DA:177,0
DA:181,0
LF:56
LH:0
BRDA:108,0,0,0
BRDA:108,0,1,0
BRDA:116,1,0,0
BRDA:116,1,1,0
BRDA:131,2,0,0
BRDA:131,2,1,0
BRF:6
BRH:0
end_of_record
TN:
SF:D:\supermary\environment\dockerenv\src\frontend\frontendforh5\src\components\SchoolmateTable.vue
FN:55,created
FN:58,data
FN:69,returnSearchMethod
FN:71,(anonymous_4)
FN:73,(anonymous_5)
FN:75,(anonymous_6)
FN:77,(anonymous_7)
FN:80,enterInfoPage
FN:86,querySchoolmate
FN:88,(anonymous_10)
FNF:10
FNH:3
FNDA:2,created
FNDA:2,data
FNDA:0,returnSearchMethod
FNDA:0,(anonymous_4)
FNDA:0,(anonymous_5)
FNDA:0,(anonymous_6)
FNDA:0,(anonymous_7)
FNDA:0,enterInfoPage
FNDA:2,querySchoolmate
FNDA:0,(anonymous_10)
DA:50,2
DA:51,2
DA:56,2
DA:59,2
DA:70,0
DA:71,0
DA:72,0
DA:73,0
DA:74,0
DA:75,0
DA:77,0
DA:81,0
DA:82,0
DA:86,2
DA:87,2
DA:88,2
DA:92,0
DA:93,0
DA:94,0
LF:19
LH:7
BRDA:70,0,0,0
BRDA:70,0,1,0
BRDA:71,1,0,0
BRDA:71,1,1,0
BRDA:72,2,0,0
BRDA:72,2,1,0
BRDA:73,3,0,0
BRDA:73,3,1,0
BRDA:74,4,0,0
BRDA:74,4,1,0
BRDA:75,5,0,0
BRDA:75,5,1,0
BRDA:77,6,0,0
BRDA:77,6,1,0
BRF:14
BRH:0
end_of_record
TN:
SF:D:\supermary\environment\dockerenv\src\frontend\frontendforh5\src\components\SmInfoForm.vue
FN:274,created
FN:278,data
FN:320,goBack
FN:325,querymessage
FN:333,(anonymous_5)
FN:327,(anonymous_6)
FNF:6
FNH:4
FNDA:1,created
FNDA:1,data
FNDA:0,goBack
FNDA:1,querymessage
FNDA:1,(anonymous_5)
FNDA:0,(anonymous_6)
DA:264,1
DA:265,1
DA:266,1
DA:267,1
DA:275,1
DA:276,1
DA:279,1
DA:321,0
DA:325,1
DA:326,1
DA:327,1
DA:336,1
DA:340,0
DA:341,0
DA:342,0
DA:343,0
DA:344,0
DA:345,0
DA:346,0
DA:347,0
DA:348,0
DA:349,0
DA:350,0
DA:351,0
DA:352,0
DA:353,0
DA:354,0
DA:356,0
DA:357,0
DA:358,0
DA:359,0
DA:360,0
DA:362,0
DA:364,0
DA:365,0
DA:366,0
DA:367,0
DA:368,0
DA:369,0
DA:370,0
DA:371,0
DA:372,0
DA:373,0
DA:374,0
DA:375,0
DA:376,0
LF:46
LH:11
BRF:0
BRH:0
end_of_record
TN:
SF:D:\supermary\environment\dockerenv\src\frontend\frontendforh5\src\components\SuperUserManageTable.vue
FN:114,created
FN:118,handleClose
FN:119,(anonymous_3)
FN:127,editRight
FN:130,saveChange
FN:136,(anonymous_7)
FN:132,(anonymous_8)
FN:149,deleteMember
FN:166,queryManager
FN:168,(anonymous_11)
FN:185,newManager
FN:201,(anonymous_13)
FN:190,(anonymous_14)
FN:233,data
FNF:14
FNH:3
FNDA:2,created
FNDA:0,handleClose
FNDA:0,(anonymous_3)
FNDA:0,editRight
FNDA:0,saveChange
FNDA:0,(anonymous_7)
FNDA:0,(anonymous_8)
FNDA:0,deleteMember
FNDA:2,queryManager
FNDA:0,(anonymous_11)
FNDA:0,newManager
FNDA:0,(anonymous_13)
FNDA:0,(anonymous_14)
FNDA:2,data
DA:109,2
DA:110,2
DA:115,2
DA:119,0
DA:122,0
DA:128,0
DA:130,0
DA:131,0
DA:132,0
DA:139,0
DA:143,0
DA:144,0
DA:147,0
DA:151,0
DA:152,0
DA:153,0
DA:161,0
DA:164,0
DA:166,2
DA:167,2
DA:168,2
DA:172,0
DA:173,0
DA:174,0
DA:185,0
DA:187,0
DA:188,0
DA:190,0
DA:204,0
DA:208,0
DA:209,0
DA:210,0
DA:218,0
DA:219,0
DA:220,0
DA:221,0
DA:222,0
DA:223,0
DA:227,0
DA:228,0
DA:229,0
DA:234,2
LF:42
LH:7
BRDA:143,0,0,0
BRDA:143,0,1,0
BRDA:153,1,0,0
BRDA:153,1,1,0
BRDA:153,2,0,0
BRDA:153,2,1,0
BRDA:153,2,2,0
BRDA:153,2,3,0
BRDA:153,2,4,0
BRDA:153,2,5,0
BRDA:188,3,0,0
BRDA:188,3,1,0
BRDA:188,4,0,0
BRDA:188,4,1,0
BRDA:208,5,0,0
BRDA:208,5,1,0
BRDA:220,6,0,0
BRDA:220,6,1,0
BRF:18
BRH:0
end_of_record
TN:
SF:D:\supermary\environment\dockerenv\src\frontend\frontendforh5\src\components\TitleBar.vue
FN:12,data
FN:24,logout
FN:31,created
FNF:3
FNH:2
FNDA:11,data
FNDA:0,logout
FNDA:11,created
DA:13,11
DA:25,0
DA:28,0
DA:32,11
LF:4
LH:2
BRF:0
BRH:0
end_of_record
TN:
SF:D:\supermary\environment\dockerenv\src\frontend\frontendforh5\src\pages\ActivityManagePage.vue
FN:30,created
FN:33,data
FN:44,queryActivity
FN:46,(anonymous_4)
FN:86,createNew
FNF:5
FNH:3
FNDA:1,created
FNDA:1,data
FNDA:1,queryActivity
FNDA:0,(anonymous_4)
FNDA:0,createNew
DA:23,1
DA:24,1
DA:25,1
DA:26,1
DA:27,1
DA:31,1
DA:34,1
DA:44,1
DA:45,1
DA:46,1
DA:50,0
DA:51,0
DA:52,0
DA:53,0
DA:54,0
DA:56,0
DA:57,0
DA:58,0
DA:59,0
DA:61,0
DA:63,0
DA:69,0
DA:70,0
DA:71,0
DA:74,0
DA:75,0
DA:76,0
DA:79,0
DA:80,0
DA:81,0
DA:87,0
LF:31
LH:10
BRDA:56,0,0,0
BRDA:56,0,1,0
BRDA:58,1,0,0
BRDA:58,1,1,0
BRDA:70,2,0,0
BRDA:70,2,1,0
BRDA:75,3,0,0
BRDA:75,3,1,0
BRDA:80,4,0,0
BRDA:80,4,1,0
BRF:10
BRH:0
end_of_record
TN:
SF:D:\supermary\environment\dockerenv\src\frontend\frontendforh5\src\pages\ClassManagePage.vue
FN:37,data
FNF:1
FNH:0
FNDA:0,data
DA:31,0
DA:32,0
DA:33,0
DA:38,0
LF:4
LH:0
BRF:0
BRH:0
end_of_record
TN:
SF:D:\supermary\environment\dockerenv\src\frontend\frontendforh5\src\pages\Index.vue
FNF:0
FNH:0
DA:9,0
DA:10,0
LF:2
LH:0
BRF:0
BRH:0
end_of_record
TN:
SF:D:\supermary\environment\dockerenv\src\frontend\frontendforh5\src\pages\LoginPage.vue
FN:57,data
FN:65,login
FN:70,loginevent
FN:81,(anonymous_4)
FN:74,(anonymous_5)
FN:112,created
FNF:6
FNH:0
FNDA:0,data
FNDA:0,login
FNDA:0,loginevent
FNDA:0,(anonymous_4)
FNDA:0,(anonymous_5)
FNDA:0,created
DA:51,0
DA:52,0
DA:58,0
DA:66,0
DA:70,0
DA:71,0
DA:72,0
DA:74,0
DA:84,0
DA:88,0
DA:89,0
DA:90,0
DA:91,0
DA:92,0
DA:93,0
DA:94,0
DA:95,0
DA:96,0
DA:98,0
DA:104,0
DA:108,0
DA:113,0
DA:114,0
LF:23
LH:0
BRDA:72,0,0,0
BRDA:72,0,1,0
BRDA:72,1,0,0
BRDA:72,1,1,0
BRDA:88,2,0,0
BRDA:88,2,1,0
BRDA:93,3,0,0
BRDA:93,3,1,0
BRDA:113,4,0,0
BRDA:113,4,1,0
BRF:10
BRH:0
end_of_record
TN:
SF:D:\supermary\environment\dockerenv\src\frontend\frontendforh5\src\pages\RegistrationManagePage.vue
FN:30,data
FN:41,created
FN:45,createPioneerCampButton
FN:50,(anonymous_4)
FN:58,(anonymous_5)
FN:90,createNewCamp
FNF:6
FNH:3
FNDA:1,data
FNDA:1,created
FNDA:1,createPioneerCampButton
FNDA:0,(anonymous_4)
FNDA:0,(anonymous_5)
FNDA:0,createNewCamp
DA:24,1
DA:25,1
DA:26,1
DA:27,1
DA:31,1
DA:42,1
DA:45,1
DA:46,1
DA:47,1
DA:48,1
DA:49,1
DA:50,1
DA:51,0
DA:52,0
DA:53,0
DA:54,0
DA:55,0
DA:57,0
DA:58,0
DA:59,0
DA:68,0
DA:70,0
DA:71,0
DA:73,0
DA:75,0
DA:76,0
DA:77,0
DA:78,0
DA:79,0
DA:80,0
DA:81,0
DA:83,0
DA:84,0
DA:85,0
DA:91,0
LF:35
LH:12
BRDA:68,0,0,0
BRDA:68,0,1,0
BRDA:71,1,0,0
BRDA:71,1,1,0
BRDA:77,2,0,0
BRDA:77,2,1,0
BRF:6
BRH:0
end_of_record
TN:
SF:D:\supermary\environment\dockerenv\src\frontend\frontendforh5\src\pages\SchoolmateInfoPage.vue
FNF:0
FNH:0
DA:9,0
LF:1
LH:0
BRF:0
BRH:0
end_of_record
TN:
SF:D:\supermary\environment\dockerenv\src\frontend\frontendforh5\src\pages\SchoolmatePage.vue
FN:18,data
FNF:1
FNH:1
FNDA:1,data
DA:13,1
DA:14,1
DA:15,1
DA:19,1
LF:4
LH:4
BRF:0
BRH:0
end_of_record
TN:
SF:D:\supermary\environment\dockerenv\src\frontend\frontendforh5\src\pages\SuperuserManagePage.vue
FN:22,data
FNF:1
FNH:1
FNDA:1,data
DA:17,1
DA:18,1
DA:19,1
DA:23,1
LF:4
LH:4
BRF:0
BRH:0
end_of_record
TN:
SF:D:\supermary\environment\dockerenv\src\frontend\frontendforh5\src\router\index.js
FNF:0
FNH:0
DA:18,0
LF:1
LH:0
BRF:0
BRH:0
end_of_record
TN:
SF:D:\supermary\environment\dockerenv\src\frontend\frontendforh5\src\store\store.js
FN:19,(anonymous_0)
FN:23,(anonymous_1)
FN:27,(anonymous_2)
FN:31,(anonymous_3)
FN:35,(anonymous_4)
FN:39,(anonymous_5)
FN:43,(anonymous_6)
FN:47,(anonymous_7)
FN:51,(anonymous_8)
FN:57,(anonymous_9)
FN:58,(anonymous_10)
FN:59,(anonymous_11)
FN:60,(anonymous_12)
FN:61,(anonymous_13)
FN:62,(anonymous_14)
FN:63,(anonymous_15)
FN:64,(anonymous_16)
FN:65,(anonymous_17)
FNF:18
FNH:0
FNDA:0,(anonymous_0)
FNDA:0,(anonymous_1)
FNDA:0,(anonymous_2)
FNDA:0,(anonymous_3)
FNDA:0,(anonymous_4)
FNDA:0,(anonymous_5)
FNDA:0,(anonymous_6)
FNDA:0,(anonymous_7)
FNDA:0,(anonymous_8)
FNDA:0,(anonymous_9)
FNDA:0,(anonymous_10)
FNDA:0,(anonymous_11)
FNDA:0,(anonymous_12)
FNDA:0,(anonymous_13)
FNDA:0,(anonymous_14)
FNDA:0,(anonymous_15)
FNDA:0,(anonymous_16)
FNDA:0,(anonymous_17)
DA:4,0
DA:20,0
DA:21,0
DA:24,0
DA:25,0
DA:28,0
DA:29,0
DA:32,0
DA:33,0
DA:36,0
DA:37,0
DA:40,0
DA:41,0
DA:44,0
DA:45,0
DA:48,0
DA:49,0
DA:52,0
DA:53,0
DA:57,0
DA:58,0
DA:59,0
DA:60,0
DA:61,0
DA:62,0
DA:63,0
DA:64,0
DA:65,0
LF:28
LH:0
BRF:0
BRH:0
end_of_record
TN:
SF:D:\supermary\environment\dockerenv\src\frontend\frontendforh5\test\AddicantInformation.js
FN:7,(anonymous_0)
FNF:1
FNH:0
FNDA:0,(anonymous_0)
DA:5,0
DA:7,0
DA:8,0
DA:9,0
LF:4
LH:0
BRF:0
BRH:0
end_of_record
TN:
SF:D:\supermary\environment\dockerenv\src\frontend\frontendforh5\test\ClassManage.js
FN:7,(anonymous_0)
FNF:1
FNH:0
FNDA:0,(anonymous_0)
DA:5,0
DA:7,0
DA:8,0
DA:9,0
LF:4
LH:0
BRF:0
BRH:0
end_of_record
